c:\workspace\ue5\projects\forever_ue\source\basic\x64\release\vc143.pdb
c:\workspace\ue5\projects\forever_ue\source\basic\x64\release\station_basic.obj
c:\workspace\ue5\projects\forever_ue\source\basic\x64\release\route_basic.obj
c:\workspace\ue5\projects\forever_ue\source\basic\x64\release\script_basic.obj
c:\workspace\ue5\projects\forever_ue\source\basic\x64\release\organization_basic.obj
c:\workspace\ue5\projects\forever_ue\source\basic\x64\release\job_basic.obj
c:\workspace\ue5\projects\forever_ue\source\basic\x64\release\calendar_basic.obj
c:\workspace\ue5\projects\forever_ue\source\basic\x64\release\scheduler_basic.obj
c:\workspace\ue5\projects\forever_ue\source\basic\x64\release\name_basic.obj
c:\workspace\ue5\projects\forever_ue\source\basic\x64\release\asset_basic.obj
c:\workspace\ue5\projects\forever_ue\source\basic\x64\release\skill_basic.obj
c:\workspace\ue5\projects\forever_ue\source\basic\x64\release\zone_basic.obj
c:\workspace\ue5\projects\forever_ue\source\basic\x64\release\terrain_basic.obj
c:\workspace\ue5\projects\forever_ue\source\basic\x64\release\room_basic.obj
c:\workspace\ue5\projects\forever_ue\source\basic\x64\release\roadnet_basic.obj
c:\workspace\ue5\projects\forever_ue\source\basic\x64\release\component_basic.obj
c:\workspace\ue5\projects\forever_ue\source\basic\x64\release\building_basic.obj
c:\workspace\ue5\projects\forever_ue\source\basic\x64\release\storage_basic.obj
c:\workspace\ue5\projects\forever_ue\source\basic\x64\release\product_basic.obj
c:\workspace\ue5\projects\forever_ue\source\basic\x64\release\manufacture_basic.obj
c:\workspace\ue5\projects\forever_ue\source\basic\x64\release\basic.obj
c:\workspace\ue5\projects\forever_ue\source\basic\x64\release\vehicle_basic.obj
c:\workspace\ue5\projects\forever_ue\x64\release\basic.dll
c:\workspace\ue5\projects\forever_ue\x64\release\basic.pdb
c:\workspace\ue5\projects\forever_ue\x64\release\basic.lib
c:\workspace\ue5\projects\forever_ue\x64\release\basic.exp
c:\workspace\ue5\projects\forever_ue\source\basic\x64\release\basic.ipdb
c:\workspace\ue5\projects\forever_ue\source\basic\x64\release\basic.iobj
c:\workspace\ue5\projects\forever_ue\source\basic\x64\release\basic.tlog\cl.command.1.tlog
c:\workspace\ue5\projects\forever_ue\source\basic\x64\release\basic.tlog\cl.items.tlog
c:\workspace\ue5\projects\forever_ue\source\basic\x64\release\basic.tlog\cl.read.1.tlog
c:\workspace\ue5\projects\forever_ue\source\basic\x64\release\basic.tlog\cl.write.1.tlog
c:\workspace\ue5\projects\forever_ue\source\basic\x64\release\basic.tlog\link.command.1.tlog
c:\workspace\ue5\projects\forever_ue\source\basic\x64\release\basic.tlog\link.read.1.tlog
c:\workspace\ue5\projects\forever_ue\source\basic\x64\release\basic.tlog\link.secondary.1.tlog
c:\workspace\ue5\projects\forever_ue\source\basic\x64\release\basic.tlog\link.write.1.tlog
