  basic.cpp
  manufacture_basic.cpp
  product_basic.cpp
  storage_basic.cpp
  building_basic.cpp
  component_basic.cpp
  roadnet_basic.cpp
  room_basic.cpp
  terrain_basic.cpp
  zone_basic.cpp
  skill_basic.cpp
  asset_basic.cpp
  name_basic.cpp
  scheduler_basic.cpp
  calendar_basic.cpp
  job_basic.cpp
  organization_basic.cpp
  script_basic.cpp
  route_basic.cpp
  station_basic.cpp
  正在生成代码...
  正在编译...
  vehicle_basic.cpp
  正在生成代码...
    正在创建库 C:\Workspace\UE5\Projects\Forever_UE\x64\Debug\Basic.lib 和对象 C:\Workspace\UE5\Projects\Forever_UE\x64\Debug\Basic.exp
  Basic.vcxproj -> C:\Workspace\UE5\Projects\Forever_UE\x64\Debug\Basic.dll
