c:\workspace\ue5\projects\forever_ue\source\basic\x64\debug\vc143.pdb
c:\workspace\ue5\projects\forever_ue\source\basic\x64\debug\vc143.idb
c:\workspace\ue5\projects\forever_ue\source\basic\x64\debug\route_basic.obj
c:\workspace\ue5\projects\forever_ue\source\basic\x64\debug\organization_basic.obj
c:\workspace\ue5\projects\forever_ue\source\basic\x64\debug\job_basic.obj
c:\workspace\ue5\projects\forever_ue\source\basic\x64\debug\calendar_basic.obj
c:\workspace\ue5\projects\forever_ue\source\basic\x64\debug\scheduler_basic.obj
c:\workspace\ue5\projects\forever_ue\source\basic\x64\debug\name_basic.obj
c:\workspace\ue5\projects\forever_ue\source\basic\x64\debug\asset_basic.obj
c:\workspace\ue5\projects\forever_ue\source\basic\x64\debug\skill_basic.obj
c:\workspace\ue5\projects\forever_ue\source\basic\x64\debug\zone_basic.obj
c:\workspace\ue5\projects\forever_ue\source\basic\x64\debug\terrain_basic.obj
c:\workspace\ue5\projects\forever_ue\source\basic\x64\debug\room_basic.obj
c:\workspace\ue5\projects\forever_ue\source\basic\x64\debug\roadnet_basic.obj
c:\workspace\ue5\projects\forever_ue\source\basic\x64\debug\component_basic.obj
c:\workspace\ue5\projects\forever_ue\source\basic\x64\debug\building_basic.obj
c:\workspace\ue5\projects\forever_ue\source\basic\x64\debug\storage_basic.obj
c:\workspace\ue5\projects\forever_ue\source\basic\x64\debug\product_basic.obj
c:\workspace\ue5\projects\forever_ue\source\basic\x64\debug\manufacture_basic.obj
c:\workspace\ue5\projects\forever_ue\source\basic\x64\debug\basic.obj
c:\workspace\ue5\projects\forever_ue\source\basic\x64\debug\vehicle_basic.obj
c:\workspace\ue5\projects\forever_ue\source\basic\x64\debug\station_basic.obj
c:\workspace\ue5\projects\forever_ue\source\basic\x64\debug\script_basic.obj
c:\workspace\ue5\projects\forever_ue\x64\debug\basic.dll
c:\workspace\ue5\projects\forever_ue\x64\debug\basic.pdb
c:\workspace\ue5\projects\forever_ue\x64\debug\basic.lib
c:\workspace\ue5\projects\forever_ue\x64\debug\basic.exp
c:\workspace\ue5\projects\forever_ue\source\basic\x64\debug\basic.ilk
c:\workspace\ue5\projects\forever_ue\source\basic\x64\debug\change_basic.obj
c:\workspace\ue5\projects\forever_ue\source\basic\x64\debug\event_basic.obj
c:\workspace\ue5\projects\forever_ue\source\basic\x64\debug\basic.tlog\cl.command.1.tlog
c:\workspace\ue5\projects\forever_ue\source\basic\x64\debug\basic.tlog\cl.items.tlog
c:\workspace\ue5\projects\forever_ue\source\basic\x64\debug\basic.tlog\cl.read.1.tlog
c:\workspace\ue5\projects\forever_ue\source\basic\x64\debug\basic.tlog\cl.write.1.tlog
c:\workspace\ue5\projects\forever_ue\source\basic\x64\debug\basic.tlog\link.command.1.tlog
c:\workspace\ue5\projects\forever_ue\source\basic\x64\debug\basic.tlog\link.read.1.tlog
c:\workspace\ue5\projects\forever_ue\source\basic\x64\debug\basic.tlog\link.secondary.1.tlog
c:\workspace\ue5\projects\forever_ue\source\basic\x64\debug\basic.tlog\link.write.1.tlog
